<?xml version="1.0" encoding="UTF-8"?>
<Site BuildName="(empty)"
	BuildStamp="20240710-1710-Experimental"
	Name="jyoz"
	Generator="ctest-3.22.1"
	CompilerName="/usr/bin/c++"
	CompilerVersion="11.4.0"
	OSName="Linux"
	Hostname="jyoz"
	OSRelease="6.5.0-41-generic"
	OSVersion="#41~22.04.2-Ubuntu SMP PREEMPT_DYNAMIC Mon Jun  3 11:32:55 UTC 2"
	OSPlatform="x86_64"
	Is64Bits="1"
	VendorString="AuthenticAMD"
	VendorID="Advanced Micro Devices"
	FamilyID="23"
	ModelID="96"
	ProcessorCacheSize="512"
	NumberOfLogicalCPU="12"
	NumberOfPhysicalCPU="6"
	TotalVirtualMemory="2047"
	TotalPhysicalMemory="15396"
	LogicalProcessorsPerPhysical="2"
	ProcessorClockFrequency="3979.34"
	>
	<Testing>
		<StartDateTime>Jul 10 23:06 IST</StartDateTime>
		<StartTestTime>1720633006</StartTestTime>
		<TestList/>
		<EndDateTime>Jul 10 23:06 IST</EndDateTime>
		<EndTestTime>1720633006</EndTestTime>
		<ElapsedMinutes>0</ElapsedMinutes>
	</Testing>
</Site>
